Arguments: 
  /home/vagrant/.nvm/versions/node/v10.14.2/bin/node /home/vagrant/.yarn/bin/yarn.js add jest-junit@10.0.0 --dev

PATH: 
  /home/vagrant/.yarn/bin:/home/vagrant/.config/yarn/global/node_modules/.bin:/home/vagrant/.nvm/versions/node/v10.14.2/bin:/usr/local/sbin:/usr/local/bin:/usr/sbin:/usr/bin:/sbin:/bin:/usr/games:/usr/local/games:/snap/bin

Yarn version: 
  1.21.1

Node version: 
  10.14.2

Platform: 
  linux x64

Trace: 
  Error: EPROTO: protocol error, symlink '../../../parser/bin/babel-parser.js' -> '/home/vagrant/workspace/damage-calc-4005-gh-actions/node_modules/@babel/core/node_modules/.bin/parser'

npm manifest: 
  {
    "name": "damage-calc",
    "version": "1.0.0",
    "description": "caliculator of damage",
    "main": "index.js",
    "author": "",
    "scripts": {
      "test": "jest"
    },
    "jest": {
      "reporters": ["default", "jest-junit"]
    },
    "license": "ISC",
    "devDependencies": {
      "jest": "^25.1.0",
      "jest-junit": "10.0.0"
    }
  }

yarn manifest: 
  No manifest

Lockfile: 
  No lockfile
